<?xml version="1.0" encoding="UTF-8"?>
<!-- Generated by org.testng.reporters.JUnitReportReporter -->
<testsuite hostname="DESKTOP-N8E20KA" failures="0" tests="6" name="TestClasses.ValidateResponseStatus" time="2.044" errors="0" timestamp="2024-05-05T18:15:50 SAST" skipped="5">
  <testcase classname="TestClasses.ValidateResponseStatus" name="weatherMessageBodyPartTwo" time="2.044"/>
  <testcase classname="TestClasses.ValidateResponseStatus" name="extractCity">
    <skipped/>
  </testcase> <!-- extractCity -->
  <testcase classname="TestClasses.ValidateResponseStatus" name="validateResponseStatusLine">
    <skipped/>
  </testcase> <!-- validateResponseStatusLine -->
  <testcase classname="TestClasses.ValidateResponseStatus" name="validateResponseHeader">
    <skipped/>
  </testcase> <!-- validateResponseHeader -->
  <testcase classname="TestClasses.ValidateResponseStatus" name="weatherMessageBodyPartOne">
    <skipped/>
  </testcase> <!-- weatherMessageBodyPartOne -->
  <testcase classname="TestClasses.ValidateResponseStatus" name="validateParticluarHeader">
    <skipped/>
  </testcase> <!-- validateParticluarHeader -->
</testsuite> <!-- TestClasses.ValidateResponseStatus -->
