<?xml version="1.0" encoding="UTF-8"?>
<!-- Generated by org.testng.reporters.JUnitReportReporter -->
<testsuite hostname="DESKTOP-N8E20KA" failures="0" tests="2" name="TestClasses.CoinDeskTest" time="2.055" errors="0" timestamp="2024-04-27T20:24:08 SAST" skipped="1">
  <testcase classname="TestClasses.CoinDeskTest" name="getGBPRate" time="2.055"/>
  <testcase classname="TestClasses.CoinDeskTest" name="printResponse">
    <skipped/>
  </testcase> <!-- printResponse -->
</testsuite> <!-- TestClasses.CoinDeskTest -->
