<?xml version="1.0" encoding="UTF-8"?>
<!-- Generated by org.testng.reporters.JUnitReportReporter -->
<testsuite hostname="DESKTOP-N8E20KA" failures="0" tests="1" name="testCases.Parallel.TC001" time="23.686" errors="0" timestamp="2024-03-04T20:49:48 SAST" skipped="0">
  <testcase classname="testCases.Parallel.TC001" name="checkoutTest" time="23.686"/>
</testsuite> <!-- testCases.Parallel.TC001 -->
