<?xml version="1.0" encoding="UTF-8"?>
<!-- Generated by org.testng.reporters.JUnitReportReporter -->
<testsuite hostname="DESKTOP-N8E20KA" failures="0" tests="1" name="TestClasses.RestAssuredAPITest" time="3.336" errors="0" timestamp="2024-04-27T17:05:22 SAST" skipped="0">
  <testcase classname="TestClasses.RestAssuredAPITest" name="GetBooksDetails" time="3.336"/>
</testsuite> <!-- TestClasses.RestAssuredAPITest -->
